<?xml version="1.0" encoding="UTF-8"?>
<!-- Generated by org.testng.reporters.JUnitReportReporter -->
<testsuite hostname="ITRS-39" name="ShipcomGroupId.Search" tests="1" failures="0" timestamp="28 Jan 2019 10:36:34 GMT" time="9.541" errors="0">
  <testcase name="Search" time="9.541" classname="ShipcomGroupId.Search"/>
</testsuite> <!-- ShipcomGroupId.Search -->
