<?xml version="1.0" encoding="UTF-8"?>
<!-- Generated by org.testng.reporters.JUnitReportReporter -->
<testsuite hostname="ITRS-39" name="ShipcomGroupId.Predict_Now" tests="1" failures="0" timestamp="31 Jan 2019 05:45:19 GMT" time="13.809" errors="0">
  <testcase name="AddPrivatePrediction" time="13.809" classname="ShipcomGroupId.Predict_Now"/>
</testsuite> <!-- ShipcomGroupId.Predict_Now -->
