<?xml version="1.0" encoding="UTF-8"?>
<!-- Generated by org.testng.reporters.JUnitReportReporter -->
<testsuite hostname="ITRS-39" name="ShipcomGroupId.LoginByFB" tests="1" failures="0" timestamp="30 Jan 2019 05:53:31 GMT" time="20.399" errors="0">
  <testcase name="FBSignIn" time="20.399" classname="ShipcomGroupId.LoginByFB"/>
</testsuite> <!-- ShipcomGroupId.LoginByFB -->
